[INFO] Scanning for projects...
[INFO]                                                                         
[INFO] ------------------------------------------------------------------------
[INFO] Building SimpleOptimizerV2_exec 0.1.0-SNAPSHOT
[INFO] ------------------------------------------------------------------------
Downloading: http://cpswtng_archiva:8080/repository/snapshots/org/webgme/guest/simplecontroller/SimpleController/0.1.0-SNAPSHOT/maven-metadata.xml
Downloading: http://cpswtng_archiva:8080/repository/internal/org/webgme/guest/simplecontroller/SimpleController/0.1.0-SNAPSHOT/maven-metadata.xml
[WARNING] Could not transfer metadata org.webgme.guest.simplecontroller:SimpleController:0.1.0-SNAPSHOT/maven-metadata.xml from/to archiva.internal (http://cpswtng_archiva:8080/repository/internal/): Connect to cpswtng_archiva:8080 [cpswtng_archiva/127.0.0.1] failed: Connection refused (Connection refused)
[WARNING] Could not transfer metadata org.webgme.guest.simplecontroller:SimpleController:0.1.0-SNAPSHOT/maven-metadata.xml from/to archiva.snapshots (http://cpswtng_archiva:8080/repository/snapshots/): Connect to cpswtng_archiva:8080 [cpswtng_archiva/127.0.0.1] failed: Connection refused (Connection refused)
[WARNING] Failure to transfer org.webgme.guest.simplecontroller:SimpleController:0.1.0-SNAPSHOT/maven-metadata.xml from http://cpswtng_archiva:8080/repository/internal/ was cached in the local repository, resolution will not be reattempted until the update interval of archiva.internal has elapsed or updates are forced. Original error: Could not transfer metadata org.webgme.guest.simplecontroller:SimpleController:0.1.0-SNAPSHOT/maven-metadata.xml from/to archiva.internal (http://cpswtng_archiva:8080/repository/internal/): Connect to cpswtng_archiva:8080 [cpswtng_archiva/127.0.0.1] failed: Connection refused (Connection refused)
[WARNING] Failure to transfer org.webgme.guest.simplecontroller:SimpleController:0.1.0-SNAPSHOT/maven-metadata.xml from http://cpswtng_archiva:8080/repository/snapshots/ was cached in the local repository, resolution will not be reattempted until the update interval of archiva.snapshots has elapsed or updates are forced. Original error: Could not transfer metadata org.webgme.guest.simplecontroller:SimpleController:0.1.0-SNAPSHOT/maven-metadata.xml from/to archiva.snapshots (http://cpswtng_archiva:8080/repository/snapshots/): Connect to cpswtng_archiva:8080 [cpswtng_archiva/127.0.0.1] failed: Connection refused (Connection refused)
[INFO] 
[INFO] --- exec-maven-plugin:1.5.0:java (default-cli) @ SimpleOptimizerV2_exec ---

-------------------------------------------------------------------
GMS: address=vagrant-41698, cluster=SimpleOptimizerV21, physical address=172.16.119.10:43498
-------------------------------------------------------------------
12:50:35.510 [org.webgme.guest.randnumgen.RandNumGen.main()] INFO  org.webgme.guest.randnumgen.RandNumGen - waiting on readyToPopulate...
12:50:45.492 [org.webgme.guest.randnumgen.RandNumGen.main()] INFO  org.webgme.guest.randnumgen.RandNumGen - ...synchronized on readyToPopulate
12:50:45.494 [org.webgme.guest.randnumgen.RandNumGen.main()] INFO  org.webgme.guest.randnumgen.RandNumGen - waiting on readyToRun...
12:50:45.746 [org.webgme.guest.randnumgen.RandNumGen.main()] INFO  org.webgme.guest.randnumgen.RandNumGen - ...synchronized on readyToRun
12:50:45.747 [org.webgme.guest.randnumgen.RandNumGen.main()] INFO  org.webgme.guest.randnumgen.RandNumGen - started logical time progression
12:50:45.750 [org.webgme.guest.randnumgen.RandNumGen.main()] INFO  org.webgme.guest.randnumgen.RandNumGen - Sent receiveNum interaction with 7,4
12:50:45.752 [org.webgme.guest.randnumgen.RandNumGen.main()] INFO  org.webgme.guest.randnumgen.RandNumGen - waiting to receive SimTime...
12:50:46.754 [org.webgme.guest.randnumgen.RandNumGen.main()] INFO  org.webgme.guest.randnumgen.RandNumGen - waiting to receive SimTime...
12:50:47.757 [org.webgme.guest.randnumgen.RandNumGen.main()] INFO  org.webgme.guest.randnumgen.RandNumGen - waiting to receive SimTime...
12:50:48.765 [org.webgme.guest.randnumgen.RandNumGen.main()] INFO  org.webgme.guest.randnumgen.RandNumGen - waiting to receive SimTime...
12:50:49.773 [org.webgme.guest.randnumgen.RandNumGen.main()] INFO  org.webgme.guest.randnumgen.RandNumGen - waiting to receive SimTime...
12:50:50.780 [org.webgme.guest.randnumgen.RandNumGen.main()] INFO  org.webgme.guest.randnumgen.RandNumGen - waiting to receive SimTime...
12:50:51.786 [org.webgme.guest.randnumgen.RandNumGen.main()] INFO  org.webgme.guest.randnumgen.RandNumGen - waiting to receive SimTime...
12:50:52.793 [org.webgme.guest.randnumgen.RandNumGen.main()] INFO  org.webgme.guest.randnumgen.RandNumGen - waiting to receive SimTime...
12:50:53.799 [org.webgme.guest.randnumgen.RandNumGen.main()] INFO  org.webgme.guest.randnumgen.RandNumGen - waiting to receive SimTime...
12:50:54.804 [org.webgme.guest.randnumgen.RandNumGen.main()] INFO  org.webgme.guest.randnumgen.RandNumGen - waiting to receive SimTime...
12:50:55.810 [org.webgme.guest.randnumgen.RandNumGen.main()] INFO  org.webgme.guest.randnumgen.RandNumGen - waiting to receive SimTime...
12:50:56.823 [org.webgme.guest.randnumgen.RandNumGen.main()] INFO  org.webgme.guest.randnumgen.RandNumGen - waiting to receive SimTime...
12:50:57.829 [org.webgme.guest.randnumgen.RandNumGen.main()] INFO  org.webgme.guest.randnumgen.RandNumGen - waiting to receive SimTime...
12:50:58.841 [org.webgme.guest.randnumgen.RandNumGen.main()] INFO  org.webgme.guest.randnumgen.RandNumGen - waiting to receive SimTime...
12:50:59.848 [org.webgme.guest.randnumgen.RandNumGen.main()] INFO  org.webgme.guest.randnumgen.RandNumGen - waiting to receive SimTime...
12:51:00.857 [org.webgme.guest.randnumgen.RandNumGen.main()] INFO  org.webgme.guest.randnumgen.RandNumGen - waiting to receive SimTime...
12:51:01.865 [org.webgme.guest.randnumgen.RandNumGen.main()] INFO  org.webgme.guest.randnumgen.RandNumGen - waiting to receive SimTime...
12:51:02.877 [org.webgme.guest.randnumgen.RandNumGen.main()] INFO  org.webgme.guest.randnumgen.RandNumGen - waiting to receive SimTime...
12:51:03.886 [org.webgme.guest.randnumgen.RandNumGen.main()] INFO  org.webgme.guest.randnumgen.RandNumGen - waiting to receive SimTime...
12:51:04.894 [org.webgme.guest.randnumgen.RandNumGen.main()] INFO  org.webgme.guest.randnumgen.RandNumGen - waiting to receive SimTime...
12:51:05.903 [org.webgme.guest.randnumgen.RandNumGen.main()] INFO  org.webgme.guest.randnumgen.RandNumGen - waiting to receive SimTime...
12:51:06.913 [org.webgme.guest.randnumgen.RandNumGen.main()] INFO  org.webgme.guest.randnumgen.RandNumGen - waiting to receive SimTime...
12:51:07.920 [org.webgme.guest.randnumgen.RandNumGen.main()] INFO  org.webgme.guest.randnumgen.RandNumGen - waiting to receive SimTime...
12:51:08.927 [org.webgme.guest.randnumgen.RandNumGen.main()] INFO  org.webgme.guest.randnumgen.RandNumGen - waiting to receive SimTime...
12:51:09.935 [org.webgme.guest.randnumgen.RandNumGen.main()] INFO  org.webgme.guest.randnumgen.RandNumGen - waiting to receive SimTime...
12:51:10.943 [org.webgme.guest.randnumgen.RandNumGen.main()] INFO  org.webgme.guest.randnumgen.RandNumGen - waiting to receive SimTime...
12:51:11.950 [org.webgme.guest.randnumgen.RandNumGen.main()] INFO  org.webgme.guest.randnumgen.RandNumGen - waiting to receive SimTime...
12:51:12.958 [org.webgme.guest.randnumgen.RandNumGen.main()] INFO  org.webgme.guest.randnumgen.RandNumGen - waiting to receive SimTime...
12:51:13.965 [org.webgme.guest.randnumgen.RandNumGen.main()] INFO  org.webgme.guest.randnumgen.RandNumGen - waiting to receive SimTime...
12:51:14.973 [org.webgme.guest.randnumgen.RandNumGen.main()] INFO  org.webgme.guest.randnumgen.RandNumGen - waiting to receive SimTime...
12:51:15.984 [org.webgme.guest.randnumgen.RandNumGen.main()] INFO  org.webgme.guest.randnumgen.RandNumGen - waiting to receive SimTime...
