[INFO] Scanning for projects...
[INFO]                                                                         
[INFO] ------------------------------------------------------------------------
[INFO] Building SimpleOptimizerV2_exec 0.1.0-SNAPSHOT
[INFO] ------------------------------------------------------------------------
[INFO] 
[INFO] --- exec-maven-plugin:1.5.0:java (default-cli) @ SimpleOptimizerV2_exec ---

-------------------------------------------------------------------
GMS: address=vagrant-61922, cluster=SimpleOptimizerV21, physical address=172.16.119.10:44666
-------------------------------------------------------------------
23:42:49.443 [org.webgme.guest.randnumgen.RandNumGen.main()] INFO  org.webgme.guest.randnumgen.RandNumGen - waiting on readyToPopulate...
23:43:00.180 [org.webgme.guest.randnumgen.RandNumGen.main()] INFO  org.webgme.guest.randnumgen.RandNumGen - ...synchronized on readyToPopulate
23:43:00.187 [org.webgme.guest.randnumgen.RandNumGen.main()] INFO  org.webgme.guest.randnumgen.RandNumGen - waiting on readyToRun...
23:43:00.445 [org.webgme.guest.randnumgen.RandNumGen.main()] INFO  org.webgme.guest.randnumgen.RandNumGen - ...synchronized on readyToRun
23:43:00.448 [org.webgme.guest.randnumgen.RandNumGen.main()] INFO  org.webgme.guest.randnumgen.RandNumGen - started logical time progression
23:43:00.451 [org.webgme.guest.randnumgen.RandNumGen.main()] INFO  org.webgme.guest.randnumgen.RandNumGen - Sent receiveNum interaction with 1,9
23:43:00.455 [org.webgme.guest.randnumgen.RandNumGen.main()] INFO  org.webgme.guest.randnumgen.RandNumGen - waiting to receive SimTime...
23:43:01.456 [org.webgme.guest.randnumgen.RandNumGen.main()] INFO  org.webgme.guest.randnumgen.RandNumGen - waiting to receive SimTime...
23:43:02.463 [org.webgme.guest.randnumgen.RandNumGen.main()] INFO  org.webgme.guest.randnumgen.RandNumGen - waiting to receive SimTime...
23:43:03.465 [org.webgme.guest.randnumgen.RandNumGen.main()] INFO  org.webgme.guest.randnumgen.RandNumGen - waiting to receive SimTime...
23:43:04.472 [org.webgme.guest.randnumgen.RandNumGen.main()] INFO  org.webgme.guest.randnumgen.RandNumGen - waiting to receive SimTime...
23:43:05.479 [org.webgme.guest.randnumgen.RandNumGen.main()] INFO  org.webgme.guest.randnumgen.RandNumGen - waiting to receive SimTime...
23:43:06.487 [org.webgme.guest.randnumgen.RandNumGen.main()] INFO  org.webgme.guest.randnumgen.RandNumGen - waiting to receive SimTime...
23:43:07.497 [org.webgme.guest.randnumgen.RandNumGen.main()] INFO  org.webgme.guest.randnumgen.RandNumGen - waiting to receive SimTime...
23:43:08.505 [org.webgme.guest.randnumgen.RandNumGen.main()] INFO  org.webgme.guest.randnumgen.RandNumGen - waiting to receive SimTime...
23:43:09.512 [org.webgme.guest.randnumgen.RandNumGen.main()] INFO  org.webgme.guest.randnumgen.RandNumGen - waiting to receive SimTime...
23:43:10.520 [org.webgme.guest.randnumgen.RandNumGen.main()] INFO  org.webgme.guest.randnumgen.RandNumGen - waiting to receive SimTime...
23:43:11.530 [org.webgme.guest.randnumgen.RandNumGen.main()] INFO  org.webgme.guest.randnumgen.RandNumGen - waiting to receive SimTime...
23:43:12.538 [org.webgme.guest.randnumgen.RandNumGen.main()] INFO  org.webgme.guest.randnumgen.RandNumGen - waiting to receive SimTime...
23:43:13.546 [org.webgme.guest.randnumgen.RandNumGen.main()] INFO  org.webgme.guest.randnumgen.RandNumGen - waiting to receive SimTime...
23:43:14.553 [org.webgme.guest.randnumgen.RandNumGen.main()] INFO  org.webgme.guest.randnumgen.RandNumGen - waiting to receive SimTime...
23:43:15.560 [org.webgme.guest.randnumgen.RandNumGen.main()] INFO  org.webgme.guest.randnumgen.RandNumGen - waiting to receive SimTime...
23:43:16.566 [org.webgme.guest.randnumgen.RandNumGen.main()] INFO  org.webgme.guest.randnumgen.RandNumGen - waiting to receive SimTime...
23:43:17.573 [org.webgme.guest.randnumgen.RandNumGen.main()] INFO  org.webgme.guest.randnumgen.RandNumGen - waiting to receive SimTime...
23:43:18.580 [org.webgme.guest.randnumgen.RandNumGen.main()] INFO  org.webgme.guest.randnumgen.RandNumGen - waiting to receive SimTime...
23:43:19.587 [org.webgme.guest.randnumgen.RandNumGen.main()] INFO  org.webgme.guest.randnumgen.RandNumGen - waiting to receive SimTime...
23:43:20.596 [org.webgme.guest.randnumgen.RandNumGen.main()] INFO  org.webgme.guest.randnumgen.RandNumGen - waiting to receive SimTime...
23:43:21.604 [org.webgme.guest.randnumgen.RandNumGen.main()] INFO  org.webgme.guest.randnumgen.RandNumGen - waiting to receive SimTime...
23:43:22.612 [org.webgme.guest.randnumgen.RandNumGen.main()] INFO  org.webgme.guest.randnumgen.RandNumGen - waiting to receive SimTime...
23:43:23.627 [org.webgme.guest.randnumgen.RandNumGen.main()] INFO  org.webgme.guest.randnumgen.RandNumGen - waiting to receive SimTime...
23:43:24.635 [org.webgme.guest.randnumgen.RandNumGen.main()] INFO  org.webgme.guest.randnumgen.RandNumGen - waiting to receive SimTime...
23:43:25.643 [org.webgme.guest.randnumgen.RandNumGen.main()] INFO  org.webgme.guest.randnumgen.RandNumGen - waiting to receive SimTime...
23:43:26.652 [org.webgme.guest.randnumgen.RandNumGen.main()] INFO  org.webgme.guest.randnumgen.RandNumGen - waiting to receive SimTime...
23:43:27.659 [org.webgme.guest.randnumgen.RandNumGen.main()] INFO  org.webgme.guest.randnumgen.RandNumGen - waiting to receive SimTime...
23:43:28.666 [org.webgme.guest.randnumgen.RandNumGen.main()] INFO  org.webgme.guest.randnumgen.RandNumGen - waiting to receive SimTime...
23:43:29.674 [org.webgme.guest.randnumgen.RandNumGen.main()] INFO  org.webgme.guest.randnumgen.RandNumGen - waiting to receive SimTime...
23:43:30.686 [org.webgme.guest.randnumgen.RandNumGen.main()] INFO  org.webgme.guest.randnumgen.RandNumGen - waiting to receive SimTime...
23:43:31.694 [org.webgme.guest.randnumgen.RandNumGen.main()] INFO  org.webgme.guest.randnumgen.RandNumGen - waiting to receive SimTime...
23:43:32.703 [org.webgme.guest.randnumgen.RandNumGen.main()] INFO  org.webgme.guest.randnumgen.RandNumGen - waiting to receive SimTime...
23:43:33.712 [org.webgme.guest.randnumgen.RandNumGen.main()] INFO  org.webgme.guest.randnumgen.RandNumGen - waiting to receive SimTime...
23:43:34.720 [org.webgme.guest.randnumgen.RandNumGen.main()] INFO  org.webgme.guest.randnumgen.RandNumGen - waiting to receive SimTime...
23:43:35.726 [org.webgme.guest.randnumgen.RandNumGen.main()] INFO  org.webgme.guest.randnumgen.RandNumGen - waiting to receive SimTime...
23:43:36.732 [org.webgme.guest.randnumgen.RandNumGen.main()] INFO  org.webgme.guest.randnumgen.RandNumGen - waiting to receive SimTime...
23:43:37.743 [org.webgme.guest.randnumgen.RandNumGen.main()] INFO  org.webgme.guest.randnumgen.RandNumGen - waiting to receive SimTime...
23:43:38.755 [org.webgme.guest.randnumgen.RandNumGen.main()] INFO  org.webgme.guest.randnumgen.RandNumGen - waiting to receive SimTime...
23:43:39.762 [org.webgme.guest.randnumgen.RandNumGen.main()] INFO  org.webgme.guest.randnumgen.RandNumGen - waiting to receive SimTime...
23:43:40.768 [org.webgme.guest.randnumgen.RandNumGen.main()] INFO  org.webgme.guest.randnumgen.RandNumGen - waiting to receive SimTime...
23:43:41.774 [org.webgme.guest.randnumgen.RandNumGen.main()] INFO  org.webgme.guest.randnumgen.RandNumGen - waiting to receive SimTime...
23:43:42.785 [org.webgme.guest.randnumgen.RandNumGen.main()] INFO  org.webgme.guest.randnumgen.RandNumGen - waiting to receive SimTime...
23:43:43.795 [org.webgme.guest.randnumgen.RandNumGen.main()] INFO  org.webgme.guest.randnumgen.RandNumGen - waiting to receive SimTime...
23:43:44.804 [org.webgme.guest.randnumgen.RandNumGen.main()] INFO  org.webgme.guest.randnumgen.RandNumGen - waiting to receive SimTime...
23:43:45.814 [org.webgme.guest.randnumgen.RandNumGen.main()] INFO  org.webgme.guest.randnumgen.RandNumGen - waiting to receive SimTime...
23:43:46.826 [org.webgme.guest.randnumgen.RandNumGen.main()] INFO  org.webgme.guest.randnumgen.RandNumGen - waiting to receive SimTime...
23:43:47.833 [org.webgme.guest.randnumgen.RandNumGen.main()] INFO  org.webgme.guest.randnumgen.RandNumGen - waiting to receive SimTime...
23:43:48.841 [org.webgme.guest.randnumgen.RandNumGen.main()] INFO  org.webgme.guest.randnumgen.RandNumGen - waiting to receive SimTime...
23:43:49.851 [org.webgme.guest.randnumgen.RandNumGen.main()] INFO  org.webgme.guest.randnumgen.RandNumGen - waiting to receive SimTime...
23:43:50.858 [org.webgme.guest.randnumgen.RandNumGen.main()] INFO  org.webgme.guest.randnumgen.RandNumGen - waiting to receive SimTime...
23:43:51.865 [org.webgme.guest.randnumgen.RandNumGen.main()] INFO  org.webgme.guest.randnumgen.RandNumGen - waiting to receive SimTime...
23:43:52.872 [org.webgme.guest.randnumgen.RandNumGen.main()] INFO  org.webgme.guest.randnumgen.RandNumGen - waiting to receive SimTime...
23:43:53.879 [org.webgme.guest.randnumgen.RandNumGen.main()] INFO  org.webgme.guest.randnumgen.RandNumGen - waiting to receive SimTime...
23:43:54.887 [org.webgme.guest.randnumgen.RandNumGen.main()] INFO  org.webgme.guest.randnumgen.RandNumGen - waiting to receive SimTime...
23:43:55.896 [org.webgme.guest.randnumgen.RandNumGen.main()] INFO  org.webgme.guest.randnumgen.RandNumGen - waiting to receive SimTime...
23:43:56.903 [org.webgme.guest.randnumgen.RandNumGen.main()] INFO  org.webgme.guest.randnumgen.RandNumGen - waiting to receive SimTime...
23:43:57.912 [org.webgme.guest.randnumgen.RandNumGen.main()] INFO  org.webgme.guest.randnumgen.RandNumGen - waiting to receive SimTime...
23:43:58.922 [org.webgme.guest.randnumgen.RandNumGen.main()] INFO  org.webgme.guest.randnumgen.RandNumGen - waiting to receive SimTime...
23:43:59.930 [org.webgme.guest.randnumgen.RandNumGen.main()] INFO  org.webgme.guest.randnumgen.RandNumGen - waiting to receive SimTime...
23:44:00.938 [org.webgme.guest.randnumgen.RandNumGen.main()] INFO  org.webgme.guest.randnumgen.RandNumGen - waiting to receive SimTime...
23:44:01.947 [org.webgme.guest.randnumgen.RandNumGen.main()] INFO  org.webgme.guest.randnumgen.RandNumGen - waiting to receive SimTime...
23:44:02.955 [org.webgme.guest.randnumgen.RandNumGen.main()] INFO  org.webgme.guest.randnumgen.RandNumGen - waiting to receive SimTime...
23:44:03.961 [org.webgme.guest.randnumgen.RandNumGen.main()] INFO  org.webgme.guest.randnumgen.RandNumGen - waiting to receive SimTime...
23:44:04.967 [org.webgme.guest.randnumgen.RandNumGen.main()] INFO  org.webgme.guest.randnumgen.RandNumGen - waiting to receive SimTime...
23:44:05.974 [org.webgme.guest.randnumgen.RandNumGen.main()] INFO  org.webgme.guest.randnumgen.RandNumGen - waiting to receive SimTime...
23:44:06.981 [org.webgme.guest.randnumgen.RandNumGen.main()] INFO  org.webgme.guest.randnumgen.RandNumGen - waiting to receive SimTime...
23:44:07.988 [org.webgme.guest.randnumgen.RandNumGen.main()] INFO  org.webgme.guest.randnumgen.RandNumGen - waiting to receive SimTime...
23:44:08.995 [org.webgme.guest.randnumgen.RandNumGen.main()] INFO  org.webgme.guest.randnumgen.RandNumGen - waiting to receive SimTime...
23:44:10.003 [org.webgme.guest.randnumgen.RandNumGen.main()] INFO  org.webgme.guest.randnumgen.RandNumGen - waiting to receive SimTime...
23:44:11.013 [org.webgme.guest.randnumgen.RandNumGen.main()] INFO  org.webgme.guest.randnumgen.RandNumGen - waiting to receive SimTime...
23:44:12.019 [org.webgme.guest.randnumgen.RandNumGen.main()] INFO  org.webgme.guest.randnumgen.RandNumGen - waiting to receive SimTime...
23:44:13.026 [org.webgme.guest.randnumgen.RandNumGen.main()] INFO  org.webgme.guest.randnumgen.RandNumGen - waiting to receive SimTime...
23:44:14.033 [org.webgme.guest.randnumgen.RandNumGen.main()] INFO  org.webgme.guest.randnumgen.RandNumGen - waiting to receive SimTime...
23:44:15.039 [org.webgme.guest.randnumgen.RandNumGen.main()] INFO  org.webgme.guest.randnumgen.RandNumGen - waiting to receive SimTime...
23:44:16.047 [org.webgme.guest.randnumgen.RandNumGen.main()] INFO  org.webgme.guest.randnumgen.RandNumGen - waiting to receive SimTime...
23:44:17.055 [org.webgme.guest.randnumgen.RandNumGen.main()] INFO  org.webgme.guest.randnumgen.RandNumGen - waiting to receive SimTime...
23:44:18.069 [org.webgme.guest.randnumgen.RandNumGen.main()] INFO  org.webgme.guest.randnumgen.RandNumGen - waiting to receive SimTime...
23:44:19.076 [org.webgme.guest.randnumgen.RandNumGen.main()] INFO  org.webgme.guest.randnumgen.RandNumGen - waiting to receive SimTime...
23:44:20.090 [org.webgme.guest.randnumgen.RandNumGen.main()] INFO  org.webgme.guest.randnumgen.RandNumGen - waiting to receive SimTime...
23:44:21.099 [org.webgme.guest.randnumgen.RandNumGen.main()] INFO  org.webgme.guest.randnumgen.RandNumGen - waiting to receive SimTime...
23:44:22.109 [org.webgme.guest.randnumgen.RandNumGen.main()] INFO  org.webgme.guest.randnumgen.RandNumGen - waiting to receive SimTime...
23:44:23.118 [org.webgme.guest.randnumgen.RandNumGen.main()] INFO  org.webgme.guest.randnumgen.RandNumGen - waiting to receive SimTime...
23:44:24.126 [org.webgme.guest.randnumgen.RandNumGen.main()] INFO  org.webgme.guest.randnumgen.RandNumGen - waiting to receive SimTime...
23:44:25.134 [org.webgme.guest.randnumgen.RandNumGen.main()] INFO  org.webgme.guest.randnumgen.RandNumGen - waiting to receive SimTime...
23:44:26.140 [org.webgme.guest.randnumgen.RandNumGen.main()] INFO  org.webgme.guest.randnumgen.RandNumGen - waiting to receive SimTime...
23:44:27.147 [org.webgme.guest.randnumgen.RandNumGen.main()] INFO  org.webgme.guest.randnumgen.RandNumGen - waiting to receive SimTime...
23:44:28.154 [org.webgme.guest.randnumgen.RandNumGen.main()] INFO  org.webgme.guest.randnumgen.RandNumGen - waiting to receive SimTime...
23:44:29.162 [org.webgme.guest.randnumgen.RandNumGen.main()] INFO  org.webgme.guest.randnumgen.RandNumGen - waiting to receive SimTime...
23:44:30.170 [org.webgme.guest.randnumgen.RandNumGen.main()] INFO  org.webgme.guest.randnumgen.RandNumGen - waiting to receive SimTime...
23:44:31.177 [org.webgme.guest.randnumgen.RandNumGen.main()] INFO  org.webgme.guest.randnumgen.RandNumGen - waiting to receive SimTime...
23:44:32.185 [org.webgme.guest.randnumgen.RandNumGen.main()] INFO  org.webgme.guest.randnumgen.RandNumGen - waiting to receive SimTime...
23:44:33.192 [org.webgme.guest.randnumgen.RandNumGen.main()] INFO  org.webgme.guest.randnumgen.RandNumGen - waiting to receive SimTime...
