[INFO] Scanning for projects...
[INFO]                                                                         
[INFO] ------------------------------------------------------------------------
[INFO] Building SimpleOptimizerV2_exec 0.1.0-SNAPSHOT
[INFO] ------------------------------------------------------------------------
[INFO] 
[INFO] --- exec-maven-plugin:1.5.0:java (default-cli) @ SimpleOptimizerV2_exec ---

-------------------------------------------------------------------
GMS: address=vagrant-63173, cluster=SimpleOptimizerV21, physical address=172.16.119.10:58775
-------------------------------------------------------------------
23:46:07.332 [org.webgme.guest.randnumgen.RandNumGen.main()] INFO  org.webgme.guest.randnumgen.RandNumGen - waiting on readyToPopulate...
23:46:17.064 [org.webgme.guest.randnumgen.RandNumGen.main()] INFO  org.webgme.guest.randnumgen.RandNumGen - ...synchronized on readyToPopulate
23:46:17.065 [org.webgme.guest.randnumgen.RandNumGen.main()] INFO  org.webgme.guest.randnumgen.RandNumGen - waiting on readyToRun...
23:46:17.318 [org.webgme.guest.randnumgen.RandNumGen.main()] INFO  org.webgme.guest.randnumgen.RandNumGen - ...synchronized on readyToRun
23:46:17.323 [org.webgme.guest.randnumgen.RandNumGen.main()] INFO  org.webgme.guest.randnumgen.RandNumGen - started logical time progression
23:46:17.327 [org.webgme.guest.randnumgen.RandNumGen.main()] INFO  org.webgme.guest.randnumgen.RandNumGen - Sent receiveNum interaction with 2,0
23:46:17.328 [org.webgme.guest.randnumgen.RandNumGen.main()] INFO  org.webgme.guest.randnumgen.RandNumGen - waiting to receive SimTime...
23:46:18.330 [org.webgme.guest.randnumgen.RandNumGen.main()] INFO  org.webgme.guest.randnumgen.RandNumGen - waiting to receive SimTime...
holder received as: 2
vars[0]=2
0.0
23:46:18.361 [org.webgme.guest.randnumgen.RandNumGen.main()] INFO  org.webgme.guest.randnumgen.RandNumGen - Sent receiveNum interaction with 1,9
23:46:18.363 [org.webgme.guest.randnumgen.RandNumGen.main()] INFO  org.webgme.guest.randnumgen.RandNumGen - waiting to receive SimTime...
23:46:19.365 [org.webgme.guest.randnumgen.RandNumGen.main()] INFO  org.webgme.guest.randnumgen.RandNumGen - waiting to receive SimTime...
holder received as: 10
vars[0]=10
1.0
23:46:19.388 [org.webgme.guest.randnumgen.RandNumGen.main()] INFO  org.webgme.guest.randnumgen.RandNumGen - Sent receiveNum interaction with 9,8
23:46:19.390 [org.webgme.guest.randnumgen.RandNumGen.main()] INFO  org.webgme.guest.randnumgen.RandNumGen - waiting to receive SimTime...
23:46:20.394 [org.webgme.guest.randnumgen.RandNumGen.main()] INFO  org.webgme.guest.randnumgen.RandNumGen - waiting to receive SimTime...
holder received as: 17
vars[0]=17
2.0
23:46:20.415 [org.webgme.guest.randnumgen.RandNumGen.main()] INFO  org.webgme.guest.randnumgen.RandNumGen - Sent receiveNum interaction with 5,6
23:46:20.418 [org.webgme.guest.randnumgen.RandNumGen.main()] INFO  org.webgme.guest.randnumgen.RandNumGen - waiting to receive SimTime...
23:46:21.420 [org.webgme.guest.randnumgen.RandNumGen.main()] INFO  org.webgme.guest.randnumgen.RandNumGen - waiting to receive SimTime...
holder received as: 11
vars[0]=11
3.0
23:46:21.450 [org.webgme.guest.randnumgen.RandNumGen.main()] INFO  org.webgme.guest.randnumgen.RandNumGen - Sent receiveNum interaction with 0,4
23:46:21.454 [org.webgme.guest.randnumgen.RandNumGen.main()] INFO  org.webgme.guest.randnumgen.RandNumGen - waiting to receive SimTime...
23:46:22.456 [org.webgme.guest.randnumgen.RandNumGen.main()] INFO  org.webgme.guest.randnumgen.RandNumGen - waiting to receive SimTime...
holder received as: 4
vars[0]=4
4.0
23:46:22.484 [org.webgme.guest.randnumgen.RandNumGen.main()] INFO  org.webgme.guest.randnumgen.RandNumGen - Sent receiveNum interaction with 8,5
23:46:22.490 [org.webgme.guest.randnumgen.RandNumGen.main()] INFO  org.webgme.guest.randnumgen.RandNumGen - waiting to receive SimTime...
23:46:23.492 [org.webgme.guest.randnumgen.RandNumGen.main()] INFO  org.webgme.guest.randnumgen.RandNumGen - waiting to receive SimTime...
holder received as: 13
vars[0]=13
5.0
23:46:23.514 [org.webgme.guest.randnumgen.RandNumGen.main()] INFO  org.webgme.guest.randnumgen.RandNumGen - Sent receiveNum interaction with 0,1
23:46:23.519 [org.webgme.guest.randnumgen.RandNumGen.main()] INFO  org.webgme.guest.randnumgen.RandNumGen - waiting to receive SimTime...
23:46:24.522 [org.webgme.guest.randnumgen.RandNumGen.main()] INFO  org.webgme.guest.randnumgen.RandNumGen - waiting to receive SimTime...
holder received as: 1
vars[0]=1
6.0
23:46:24.539 [org.webgme.guest.randnumgen.RandNumGen.main()] INFO  org.webgme.guest.randnumgen.RandNumGen - Sent receiveNum interaction with 9,2
23:46:24.542 [org.webgme.guest.randnumgen.RandNumGen.main()] INFO  org.webgme.guest.randnumgen.RandNumGen - waiting to receive SimTime...
23:46:25.545 [org.webgme.guest.randnumgen.RandNumGen.main()] INFO  org.webgme.guest.randnumgen.RandNumGen - waiting to receive SimTime...
holder received as: 11
vars[0]=11
7.0
23:46:25.571 [org.webgme.guest.randnumgen.RandNumGen.main()] INFO  org.webgme.guest.randnumgen.RandNumGen - Sent receiveNum interaction with 6,0
23:46:25.576 [org.webgme.guest.randnumgen.RandNumGen.main()] INFO  org.webgme.guest.randnumgen.RandNumGen - waiting to receive SimTime...
23:46:26.578 [org.webgme.guest.randnumgen.RandNumGen.main()] INFO  org.webgme.guest.randnumgen.RandNumGen - waiting to receive SimTime...
holder received as: 6
vars[0]=6
8.0
23:46:26.608 [org.webgme.guest.randnumgen.RandNumGen.main()] INFO  org.webgme.guest.randnumgen.RandNumGen - Sent receiveNum interaction with 0,3
23:46:26.612 [org.webgme.guest.randnumgen.RandNumGen.main()] INFO  org.webgme.guest.randnumgen.RandNumGen - waiting to receive SimTime...
23:46:27.616 [org.webgme.guest.randnumgen.RandNumGen.main()] INFO  org.webgme.guest.randnumgen.RandNumGen - waiting to receive SimTime...
holder received as: 3
vars[0]=3
9.0
23:46:27.638 [org.webgme.guest.randnumgen.RandNumGen.main()] INFO  org.webgme.guest.randnumgen.RandNumGen - Sent receiveNum interaction with 4,4
23:46:27.640 [org.webgme.guest.randnumgen.RandNumGen.main()] INFO  org.webgme.guest.randnumgen.RandNumGen - waiting to receive SimTime...
23:46:28.642 [org.webgme.guest.randnumgen.RandNumGen.main()] INFO  org.webgme.guest.randnumgen.RandNumGen - waiting to receive SimTime...
holder received as: 8
vars[0]=8
10.0
23:46:28.662 [org.webgme.guest.randnumgen.RandNumGen.main()] INFO  org.webgme.guest.randnumgen.RandNumGen - Sent receiveNum interaction with 4,8
23:46:28.666 [org.webgme.guest.randnumgen.RandNumGen.main()] INFO  org.webgme.guest.randnumgen.RandNumGen - waiting to receive SimTime...
23:46:29.667 [org.webgme.guest.randnumgen.RandNumGen.main()] INFO  org.webgme.guest.randnumgen.RandNumGen - waiting to receive SimTime...
holder received as: 12
vars[0]=12
11.0
23:46:29.687 [org.webgme.guest.randnumgen.RandNumGen.main()] INFO  org.webgme.guest.randnumgen.RandNumGen - Sent receiveNum interaction with 3,3
23:46:29.690 [org.webgme.guest.randnumgen.RandNumGen.main()] INFO  org.webgme.guest.randnumgen.RandNumGen - waiting to receive SimTime...
23:46:30.693 [org.webgme.guest.randnumgen.RandNumGen.main()] INFO  org.webgme.guest.randnumgen.RandNumGen - waiting to receive SimTime...
holder received as: 6
vars[0]=6
12.0
23:46:30.716 [org.webgme.guest.randnumgen.RandNumGen.main()] INFO  org.webgme.guest.randnumgen.RandNumGen - Sent receiveNum interaction with 7,3
23:46:30.719 [org.webgme.guest.randnumgen.RandNumGen.main()] INFO  org.webgme.guest.randnumgen.RandNumGen - waiting to receive SimTime...
23:46:31.722 [org.webgme.guest.randnumgen.RandNumGen.main()] INFO  org.webgme.guest.randnumgen.RandNumGen - waiting to receive SimTime...
holder received as: 10
vars[0]=10
13.0
23:46:31.735 [org.webgme.guest.randnumgen.RandNumGen.main()] INFO  org.webgme.guest.randnumgen.RandNumGen - Sent receiveNum interaction with 4,2
23:46:31.736 [org.webgme.guest.randnumgen.RandNumGen.main()] INFO  org.webgme.guest.randnumgen.RandNumGen - waiting to receive SimTime...
23:46:32.738 [org.webgme.guest.randnumgen.RandNumGen.main()] INFO  org.webgme.guest.randnumgen.RandNumGen - waiting to receive SimTime...
holder received as: 6
vars[0]=6
14.0
23:46:32.760 [org.webgme.guest.randnumgen.RandNumGen.main()] INFO  org.webgme.guest.randnumgen.RandNumGen - Sent receiveNum interaction with 4,8
23:46:32.763 [org.webgme.guest.randnumgen.RandNumGen.main()] INFO  org.webgme.guest.randnumgen.RandNumGen - waiting to receive SimTime...
23:46:33.766 [org.webgme.guest.randnumgen.RandNumGen.main()] INFO  org.webgme.guest.randnumgen.RandNumGen - waiting to receive SimTime...
holder received as: 12
vars[0]=12
15.0
23:46:33.788 [org.webgme.guest.randnumgen.RandNumGen.main()] INFO  org.webgme.guest.randnumgen.RandNumGen - Sent receiveNum interaction with 7,5
23:46:33.791 [org.webgme.guest.randnumgen.RandNumGen.main()] INFO  org.webgme.guest.randnumgen.RandNumGen - waiting to receive SimTime...
23:46:34.793 [org.webgme.guest.randnumgen.RandNumGen.main()] INFO  org.webgme.guest.randnumgen.RandNumGen - waiting to receive SimTime...
holder received as: 12
vars[0]=12
16.0
23:46:34.817 [org.webgme.guest.randnumgen.RandNumGen.main()] INFO  org.webgme.guest.randnumgen.RandNumGen - Sent receiveNum interaction with 7,5
23:46:34.819 [org.webgme.guest.randnumgen.RandNumGen.main()] INFO  org.webgme.guest.randnumgen.RandNumGen - waiting to receive SimTime...
23:46:35.823 [org.webgme.guest.randnumgen.RandNumGen.main()] INFO  org.webgme.guest.randnumgen.RandNumGen - waiting to receive SimTime...
holder received as: 12
vars[0]=12
17.0
23:46:35.843 [org.webgme.guest.randnumgen.RandNumGen.main()] INFO  org.webgme.guest.randnumgen.RandNumGen - Sent receiveNum interaction with 1,9
23:46:35.847 [org.webgme.guest.randnumgen.RandNumGen.main()] INFO  org.webgme.guest.randnumgen.RandNumGen - waiting to receive SimTime...
23:46:36.849 [org.webgme.guest.randnumgen.RandNumGen.main()] INFO  org.webgme.guest.randnumgen.RandNumGen - waiting to receive SimTime...
holder received as: 10
vars[0]=10
18.0
23:46:36.877 [org.webgme.guest.randnumgen.RandNumGen.main()] INFO  org.webgme.guest.randnumgen.RandNumGen - Sent receiveNum interaction with 4,3
23:46:36.881 [org.webgme.guest.randnumgen.RandNumGen.main()] INFO  org.webgme.guest.randnumgen.RandNumGen - waiting to receive SimTime...
23:46:37.883 [org.webgme.guest.randnumgen.RandNumGen.main()] INFO  org.webgme.guest.randnumgen.RandNumGen - waiting to receive SimTime...
holder received as: 7
vars[0]=7
19.0
23:46:37.915 [org.webgme.guest.randnumgen.RandNumGen.main()] INFO  org.webgme.guest.randnumgen.RandNumGen - Sent receiveNum interaction with 7,8
23:46:37.918 [org.webgme.guest.randnumgen.RandNumGen.main()] INFO  org.webgme.guest.randnumgen.RandNumGen - waiting to receive SimTime...
23:46:38.921 [org.webgme.guest.randnumgen.RandNumGen.main()] INFO  org.webgme.guest.randnumgen.RandNumGen - waiting to receive SimTime...
holder received as: 15
vars[0]=15
20.0
23:46:38.943 [org.webgme.guest.randnumgen.RandNumGen.main()] INFO  org.webgme.guest.randnumgen.RandNumGen - Sent receiveNum interaction with 8,8
23:46:38.947 [org.webgme.guest.randnumgen.RandNumGen.main()] INFO  org.webgme.guest.randnumgen.RandNumGen - waiting to receive SimTime...
23:46:39.950 [org.webgme.guest.randnumgen.RandNumGen.main()] INFO  org.webgme.guest.randnumgen.RandNumGen - waiting to receive SimTime...
holder received as: 16
vars[0]=16
21.0
23:46:39.962 [org.webgme.guest.randnumgen.RandNumGen.main()] INFO  org.webgme.guest.randnumgen.RandNumGen - Sent receiveNum interaction with 0,7
23:46:39.962 [org.webgme.guest.randnumgen.RandNumGen.main()] INFO  org.webgme.guest.randnumgen.RandNumGen - waiting to receive SimTime...
23:46:40.963 [org.webgme.guest.randnumgen.RandNumGen.main()] INFO  org.webgme.guest.randnumgen.RandNumGen - waiting to receive SimTime...
holder received as: 7
vars[0]=7
22.0
23:46:40.983 [org.webgme.guest.randnumgen.RandNumGen.main()] INFO  org.webgme.guest.randnumgen.RandNumGen - Sent receiveNum interaction with 6,0
23:46:40.987 [org.webgme.guest.randnumgen.RandNumGen.main()] INFO  org.webgme.guest.randnumgen.RandNumGen - waiting to receive SimTime...
23:46:41.990 [org.webgme.guest.randnumgen.RandNumGen.main()] INFO  org.webgme.guest.randnumgen.RandNumGen - waiting to receive SimTime...
holder received as: 6
vars[0]=6
23.0
23:46:42.016 [org.webgme.guest.randnumgen.RandNumGen.main()] INFO  org.webgme.guest.randnumgen.RandNumGen - Sent receiveNum interaction with 2,8
23:46:42.021 [org.webgme.guest.randnumgen.RandNumGen.main()] INFO  org.webgme.guest.randnumgen.RandNumGen - waiting to receive SimTime...
23:46:43.022 [org.webgme.guest.randnumgen.RandNumGen.main()] INFO  org.webgme.guest.randnumgen.RandNumGen - waiting to receive SimTime...
holder received as: 10
vars[0]=10
24.0
23:46:43.043 [org.webgme.guest.randnumgen.RandNumGen.main()] INFO  org.webgme.guest.randnumgen.RandNumGen - Sent receiveNum interaction with 7,8
23:46:43.047 [org.webgme.guest.randnumgen.RandNumGen.main()] INFO  org.webgme.guest.randnumgen.RandNumGen - waiting to receive SimTime...
23:46:44.049 [org.webgme.guest.randnumgen.RandNumGen.main()] INFO  org.webgme.guest.randnumgen.RandNumGen - waiting to receive SimTime...
holder received as: 15
vars[0]=15
25.0
23:46:44.070 [org.webgme.guest.randnumgen.RandNumGen.main()] INFO  org.webgme.guest.randnumgen.RandNumGen - Sent receiveNum interaction with 7,9
23:46:44.074 [org.webgme.guest.randnumgen.RandNumGen.main()] INFO  org.webgme.guest.randnumgen.RandNumGen - waiting to receive SimTime...
23:46:45.077 [org.webgme.guest.randnumgen.RandNumGen.main()] INFO  org.webgme.guest.randnumgen.RandNumGen - waiting to receive SimTime...
holder received as: 16
vars[0]=16
26.0
23:46:45.098 [org.webgme.guest.randnumgen.RandNumGen.main()] INFO  org.webgme.guest.randnumgen.RandNumGen - Sent receiveNum interaction with 9,9
23:46:45.103 [org.webgme.guest.randnumgen.RandNumGen.main()] INFO  org.webgme.guest.randnumgen.RandNumGen - waiting to receive SimTime...
23:46:46.107 [org.webgme.guest.randnumgen.RandNumGen.main()] INFO  org.webgme.guest.randnumgen.RandNumGen - waiting to receive SimTime...
holder received as: 18
vars[0]=18
27.0
23:46:46.127 [org.webgme.guest.randnumgen.RandNumGen.main()] INFO  org.webgme.guest.randnumgen.RandNumGen - Sent receiveNum interaction with 8,2
23:46:46.131 [org.webgme.guest.randnumgen.RandNumGen.main()] INFO  org.webgme.guest.randnumgen.RandNumGen - waiting to receive SimTime...
23:46:47.133 [org.webgme.guest.randnumgen.RandNumGen.main()] INFO  org.webgme.guest.randnumgen.RandNumGen - waiting to receive SimTime...
holder received as: 10
vars[0]=10
28.0
23:46:47.159 [org.webgme.guest.randnumgen.RandNumGen.main()] INFO  org.webgme.guest.randnumgen.RandNumGen - Sent receiveNum interaction with 7,4
23:46:47.164 [org.webgme.guest.randnumgen.RandNumGen.main()] INFO  org.webgme.guest.randnumgen.RandNumGen - waiting to receive SimTime...
23:46:48.166 [org.webgme.guest.randnumgen.RandNumGen.main()] INFO  org.webgme.guest.randnumgen.RandNumGen - waiting to receive SimTime...
holder received as: 11
vars[0]=11
29.0
23:46:48.190 [org.webgme.guest.randnumgen.RandNumGen.main()] INFO  org.webgme.guest.randnumgen.RandNumGen - Sent receiveNum interaction with 3,5
23:46:48.195 [org.webgme.guest.randnumgen.RandNumGen.main()] INFO  org.webgme.guest.randnumgen.RandNumGen - waiting to receive SimTime...
23:46:49.198 [org.webgme.guest.randnumgen.RandNumGen.main()] INFO  org.webgme.guest.randnumgen.RandNumGen - waiting to receive SimTime...
holder received as: 8
vars[0]=8
30.0
23:46:49.220 [org.webgme.guest.randnumgen.RandNumGen.main()] INFO  org.webgme.guest.randnumgen.RandNumGen - Sent receiveNum interaction with 3,6
23:46:49.224 [org.webgme.guest.randnumgen.RandNumGen.main()] INFO  org.webgme.guest.randnumgen.RandNumGen - waiting to receive SimTime...
23:46:50.225 [org.webgme.guest.randnumgen.RandNumGen.main()] INFO  org.webgme.guest.randnumgen.RandNumGen - waiting to receive SimTime...
holder received as: 9
vars[0]=9
31.0
23:46:50.249 [org.webgme.guest.randnumgen.RandNumGen.main()] INFO  org.webgme.guest.randnumgen.RandNumGen - Sent receiveNum interaction with 4,2
23:46:50.253 [org.webgme.guest.randnumgen.RandNumGen.main()] INFO  org.webgme.guest.randnumgen.RandNumGen - waiting to receive SimTime...
23:46:51.255 [org.webgme.guest.randnumgen.RandNumGen.main()] INFO  org.webgme.guest.randnumgen.RandNumGen - waiting to receive SimTime...
holder received as: 6
vars[0]=6
32.0
23:46:51.278 [org.webgme.guest.randnumgen.RandNumGen.main()] INFO  org.webgme.guest.randnumgen.RandNumGen - Sent receiveNum interaction with 1,8
23:46:51.281 [org.webgme.guest.randnumgen.RandNumGen.main()] INFO  org.webgme.guest.randnumgen.RandNumGen - waiting to receive SimTime...
23:46:52.282 [org.webgme.guest.randnumgen.RandNumGen.main()] INFO  org.webgme.guest.randnumgen.RandNumGen - waiting to receive SimTime...
holder received as: 9
vars[0]=9
33.0
23:46:52.301 [org.webgme.guest.randnumgen.RandNumGen.main()] INFO  org.webgme.guest.randnumgen.RandNumGen - Sent receiveNum interaction with 9,1
23:46:52.303 [org.webgme.guest.randnumgen.RandNumGen.main()] INFO  org.webgme.guest.randnumgen.RandNumGen - waiting to receive SimTime...
23:46:53.307 [org.webgme.guest.randnumgen.RandNumGen.main()] INFO  org.webgme.guest.randnumgen.RandNumGen - waiting to receive SimTime...
holder received as: 10
vars[0]=10
34.0
23:46:53.326 [org.webgme.guest.randnumgen.RandNumGen.main()] INFO  org.webgme.guest.randnumgen.RandNumGen - Sent receiveNum interaction with 0,2
23:46:53.328 [org.webgme.guest.randnumgen.RandNumGen.main()] INFO  org.webgme.guest.randnumgen.RandNumGen - waiting to receive SimTime...
23:46:54.331 [org.webgme.guest.randnumgen.RandNumGen.main()] INFO  org.webgme.guest.randnumgen.RandNumGen - waiting to receive SimTime...
holder received as: 2
vars[0]=2
35.0
23:46:54.359 [org.webgme.guest.randnumgen.RandNumGen.main()] INFO  org.webgme.guest.randnumgen.RandNumGen - Sent receiveNum interaction with 7,8
23:46:54.361 [org.webgme.guest.randnumgen.RandNumGen.main()] INFO  org.webgme.guest.randnumgen.RandNumGen - waiting to receive SimTime...
23:46:55.363 [org.webgme.guest.randnumgen.RandNumGen.main()] INFO  org.webgme.guest.randnumgen.RandNumGen - waiting to receive SimTime...
holder received as: 15
vars[0]=15
36.0
23:46:55.390 [org.webgme.guest.randnumgen.RandNumGen.main()] INFO  org.webgme.guest.randnumgen.RandNumGen - Sent receiveNum interaction with 7,2
23:46:55.394 [org.webgme.guest.randnumgen.RandNumGen.main()] INFO  org.webgme.guest.randnumgen.RandNumGen - waiting to receive SimTime...
23:46:56.395 [org.webgme.guest.randnumgen.RandNumGen.main()] INFO  org.webgme.guest.randnumgen.RandNumGen - waiting to receive SimTime...
holder received as: 9
vars[0]=9
37.0
23:46:56.422 [org.webgme.guest.randnumgen.RandNumGen.main()] INFO  org.webgme.guest.randnumgen.RandNumGen - Sent receiveNum interaction with 8,6
23:46:56.426 [org.webgme.guest.randnumgen.RandNumGen.main()] INFO  org.webgme.guest.randnumgen.RandNumGen - waiting to receive SimTime...
23:46:57.427 [org.webgme.guest.randnumgen.RandNumGen.main()] INFO  org.webgme.guest.randnumgen.RandNumGen - waiting to receive SimTime...
holder received as: 14
vars[0]=14
38.0
23:46:57.447 [org.webgme.guest.randnumgen.RandNumGen.main()] INFO  org.webgme.guest.randnumgen.RandNumGen - Sent receiveNum interaction with 7,9
23:46:57.450 [org.webgme.guest.randnumgen.RandNumGen.main()] INFO  org.webgme.guest.randnumgen.RandNumGen - waiting to receive SimTime...
23:46:58.452 [org.webgme.guest.randnumgen.RandNumGen.main()] INFO  org.webgme.guest.randnumgen.RandNumGen - waiting to receive SimTime...
holder received as: 16
vars[0]=16
39.0
23:46:58.473 [org.webgme.guest.randnumgen.RandNumGen.main()] INFO  org.webgme.guest.randnumgen.RandNumGen - Sent receiveNum interaction with 5,1
23:46:58.475 [org.webgme.guest.randnumgen.RandNumGen.main()] INFO  org.webgme.guest.randnumgen.RandNumGen - waiting to receive SimTime...
23:46:59.479 [org.webgme.guest.randnumgen.RandNumGen.main()] INFO  org.webgme.guest.randnumgen.RandNumGen - waiting to receive SimTime...
holder received as: 6
vars[0]=6
40.0
23:46:59.505 [org.webgme.guest.randnumgen.RandNumGen.main()] INFO  org.webgme.guest.randnumgen.RandNumGen - Sent receiveNum interaction with 0,3
23:46:59.507 [org.webgme.guest.randnumgen.RandNumGen.main()] INFO  org.webgme.guest.randnumgen.RandNumGen - waiting to receive SimTime...
23:47:00.511 [org.webgme.guest.randnumgen.RandNumGen.main()] INFO  org.webgme.guest.randnumgen.RandNumGen - waiting to receive SimTime...
holder received as: 3
vars[0]=3
41.0
23:47:00.533 [org.webgme.guest.randnumgen.RandNumGen.main()] INFO  org.webgme.guest.randnumgen.RandNumGen - Sent receiveNum interaction with 4,1
23:47:00.536 [org.webgme.guest.randnumgen.RandNumGen.main()] INFO  org.webgme.guest.randnumgen.RandNumGen - waiting to receive SimTime...
23:47:01.539 [org.webgme.guest.randnumgen.RandNumGen.main()] INFO  org.webgme.guest.randnumgen.RandNumGen - waiting to receive SimTime...
holder received as: 5
vars[0]=5
42.0
23:47:01.560 [org.webgme.guest.randnumgen.RandNumGen.main()] INFO  org.webgme.guest.randnumgen.RandNumGen - Sent receiveNum interaction with 3,7
23:47:01.565 [org.webgme.guest.randnumgen.RandNumGen.main()] INFO  org.webgme.guest.randnumgen.RandNumGen - waiting to receive SimTime...
23:47:02.567 [org.webgme.guest.randnumgen.RandNumGen.main()] INFO  org.webgme.guest.randnumgen.RandNumGen - waiting to receive SimTime...
holder received as: 10
vars[0]=10
43.0
23:47:02.582 [org.webgme.guest.randnumgen.RandNumGen.main()] INFO  org.webgme.guest.randnumgen.RandNumGen - Sent receiveNum interaction with 0,3
23:47:02.585 [org.webgme.guest.randnumgen.RandNumGen.main()] INFO  org.webgme.guest.randnumgen.RandNumGen - waiting to receive SimTime...
23:47:03.588 [org.webgme.guest.randnumgen.RandNumGen.main()] INFO  org.webgme.guest.randnumgen.RandNumGen - waiting to receive SimTime...
holder received as: 3
vars[0]=3
44.0
23:47:03.603 [org.webgme.guest.randnumgen.RandNumGen.main()] INFO  org.webgme.guest.randnumgen.RandNumGen - Sent receiveNum interaction with 1,9
23:47:03.604 [org.webgme.guest.randnumgen.RandNumGen.main()] INFO  org.webgme.guest.randnumgen.RandNumGen - waiting to receive SimTime...
23:47:04.606 [org.webgme.guest.randnumgen.RandNumGen.main()] INFO  org.webgme.guest.randnumgen.RandNumGen - waiting to receive SimTime...
holder received as: 10
vars[0]=10
45.0
23:47:04.631 [org.webgme.guest.randnumgen.RandNumGen.main()] INFO  org.webgme.guest.randnumgen.RandNumGen - Sent receiveNum interaction with 2,6
23:47:04.636 [org.webgme.guest.randnumgen.RandNumGen.main()] INFO  org.webgme.guest.randnumgen.RandNumGen - waiting to receive SimTime...
23:47:05.637 [org.webgme.guest.randnumgen.RandNumGen.main()] INFO  org.webgme.guest.randnumgen.RandNumGen - waiting to receive SimTime...
holder received as: 8
vars[0]=8
46.0
23:47:05.656 [org.webgme.guest.randnumgen.RandNumGen.main()] INFO  org.webgme.guest.randnumgen.RandNumGen - Sent receiveNum interaction with 3,6
23:47:05.658 [org.webgme.guest.randnumgen.RandNumGen.main()] INFO  org.webgme.guest.randnumgen.RandNumGen - waiting to receive SimTime...
23:47:06.661 [org.webgme.guest.randnumgen.RandNumGen.main()] INFO  org.webgme.guest.randnumgen.RandNumGen - waiting to receive SimTime...
holder received as: 9
vars[0]=9
47.0
23:47:06.680 [org.webgme.guest.randnumgen.RandNumGen.main()] INFO  org.webgme.guest.randnumgen.RandNumGen - Sent receiveNum interaction with 7,8
23:47:06.684 [org.webgme.guest.randnumgen.RandNumGen.main()] INFO  org.webgme.guest.randnumgen.RandNumGen - waiting to receive SimTime...
23:47:07.686 [org.webgme.guest.randnumgen.RandNumGen.main()] INFO  org.webgme.guest.randnumgen.RandNumGen - waiting to receive SimTime...
holder received as: 15
vars[0]=15
48.0
23:47:07.709 [org.webgme.guest.randnumgen.RandNumGen.main()] INFO  org.webgme.guest.randnumgen.RandNumGen - Sent receiveNum interaction with 8,1
23:47:07.714 [org.webgme.guest.randnumgen.RandNumGen.main()] INFO  org.webgme.guest.randnumgen.RandNumGen - waiting to receive SimTime...
23:47:08.716 [org.webgme.guest.randnumgen.RandNumGen.main()] INFO  org.webgme.guest.randnumgen.RandNumGen - waiting to receive SimTime...
holder received as: 9
vars[0]=9
49.0
23:47:08.743 [org.webgme.guest.randnumgen.RandNumGen.main()] INFO  org.webgme.guest.randnumgen.RandNumGen - Sent receiveNum interaction with 8,8
23:47:08.743 [org.webgme.guest.randnumgen.RandNumGen.main()] INFO  org.webgme.guest.randnumgen.RandNumGen - waiting to receive SimTime...
23:47:09.749 [org.webgme.guest.randnumgen.RandNumGen.main()] INFO  org.webgme.guest.randnumgen.RandNumGen - waiting to receive SimTime...
holder received as: 16
vars[0]=16
50.0
WARN  [VERIFY_SUSPECT.TimerThread,SimpleOptimizerV21,vagrant-63173] portico.lrc.jgroups: Detected that federate [FederationManager-c85fa825-fee5-49f8-aba6-0ee6bf498c7c] may have crashed, investigating...
WARN  [Regular] portico.lrc.jgroups: Federate [FederationManager-c85fa825-fee5-49f8-aba6-0ee6bf498c7c] has crashed. Sending fake resignation because it was too rude to.
23:47:24.754 [org.webgme.guest.randnumgen.RandNumGen.main()] INFO  org.cpswt.hla.SynchronizedFederate - RandNumGen-43b2c9a1-53c1-4343-b59b-19c870dc87ca: SimEnd interaction received, exiting...
23:47:24.756 [org.webgme.guest.randnumgen.RandNumGen.main()] INFO  org.webgme.guest.randnumgen.RandNumGen - Sent receiveNum interaction with 7,1
23:47:24.758 [org.webgme.guest.randnumgen.RandNumGen.main()] INFO  org.webgme.guest.randnumgen.RandNumGen - waiting to receive SimTime...
23:47:25.760 [org.webgme.guest.randnumgen.RandNumGen.main()] INFO  org.webgme.guest.randnumgen.RandNumGen - waiting to receive SimTime...
23:47:26.767 [org.webgme.guest.randnumgen.RandNumGen.main()] INFO  org.webgme.guest.randnumgen.RandNumGen - waiting to receive SimTime...
23:47:27.778 [org.webgme.guest.randnumgen.RandNumGen.main()] INFO  org.webgme.guest.randnumgen.RandNumGen - waiting to receive SimTime...
23:47:28.785 [org.webgme.guest.randnumgen.RandNumGen.main()] INFO  org.webgme.guest.randnumgen.RandNumGen - waiting to receive SimTime...
23:47:29.793 [org.webgme.guest.randnumgen.RandNumGen.main()] INFO  org.webgme.guest.randnumgen.RandNumGen - waiting to receive SimTime...
23:47:30.802 [org.webgme.guest.randnumgen.RandNumGen.main()] INFO  org.webgme.guest.randnumgen.RandNumGen - waiting to receive SimTime...
23:47:31.810 [org.webgme.guest.randnumgen.RandNumGen.main()] INFO  org.webgme.guest.randnumgen.RandNumGen - waiting to receive SimTime...
23:47:32.819 [org.webgme.guest.randnumgen.RandNumGen.main()] INFO  org.webgme.guest.randnumgen.RandNumGen - waiting to receive SimTime...
23:47:33.824 [org.webgme.guest.randnumgen.RandNumGen.main()] INFO  org.webgme.guest.randnumgen.RandNumGen - waiting to receive SimTime...
23:47:34.832 [org.webgme.guest.randnumgen.RandNumGen.main()] INFO  org.webgme.guest.randnumgen.RandNumGen - waiting to receive SimTime...
23:47:35.840 [org.webgme.guest.randnumgen.RandNumGen.main()] INFO  org.webgme.guest.randnumgen.RandNumGen - waiting to receive SimTime...
23:47:36.846 [org.webgme.guest.randnumgen.RandNumGen.main()] INFO  org.webgme.guest.randnumgen.RandNumGen - waiting to receive SimTime...
23:47:37.854 [org.webgme.guest.randnumgen.RandNumGen.main()] INFO  org.webgme.guest.randnumgen.RandNumGen - waiting to receive SimTime...
23:47:38.861 [org.webgme.guest.randnumgen.RandNumGen.main()] INFO  org.webgme.guest.randnumgen.RandNumGen - waiting to receive SimTime...
23:47:39.871 [org.webgme.guest.randnumgen.RandNumGen.main()] INFO  org.webgme.guest.randnumgen.RandNumGen - waiting to receive SimTime...
23:47:40.878 [org.webgme.guest.randnumgen.RandNumGen.main()] INFO  org.webgme.guest.randnumgen.RandNumGen - waiting to receive SimTime...
23:47:41.887 [org.webgme.guest.randnumgen.RandNumGen.main()] INFO  org.webgme.guest.randnumgen.RandNumGen - waiting to receive SimTime...
23:47:42.895 [org.webgme.guest.randnumgen.RandNumGen.main()] INFO  org.webgme.guest.randnumgen.RandNumGen - waiting to receive SimTime...
23:47:43.904 [org.webgme.guest.randnumgen.RandNumGen.main()] INFO  org.webgme.guest.randnumgen.RandNumGen - waiting to receive SimTime...
23:47:44.913 [org.webgme.guest.randnumgen.RandNumGen.main()] INFO  org.webgme.guest.randnumgen.RandNumGen - waiting to receive SimTime...
23:47:45.921 [org.webgme.guest.randnumgen.RandNumGen.main()] INFO  org.webgme.guest.randnumgen.RandNumGen - waiting to receive SimTime...
23:47:46.929 [org.webgme.guest.randnumgen.RandNumGen.main()] INFO  org.webgme.guest.randnumgen.RandNumGen - waiting to receive SimTime...
23:47:47.936 [org.webgme.guest.randnumgen.RandNumGen.main()] INFO  org.webgme.guest.randnumgen.RandNumGen - waiting to receive SimTime...
23:47:48.944 [org.webgme.guest.randnumgen.RandNumGen.main()] INFO  org.webgme.guest.randnumgen.RandNumGen - waiting to receive SimTime...
23:47:49.954 [org.webgme.guest.randnumgen.RandNumGen.main()] INFO  org.webgme.guest.randnumgen.RandNumGen - waiting to receive SimTime...
23:47:50.962 [org.webgme.guest.randnumgen.RandNumGen.main()] INFO  org.webgme.guest.randnumgen.RandNumGen - waiting to receive SimTime...
23:47:51.975 [org.webgme.guest.randnumgen.RandNumGen.main()] INFO  org.webgme.guest.randnumgen.RandNumGen - waiting to receive SimTime...
23:47:52.985 [org.webgme.guest.randnumgen.RandNumGen.main()] INFO  org.webgme.guest.randnumgen.RandNumGen - waiting to receive SimTime...
23:47:53.992 [org.webgme.guest.randnumgen.RandNumGen.main()] INFO  org.webgme.guest.randnumgen.RandNumGen - waiting to receive SimTime...
23:47:55.003 [org.webgme.guest.randnumgen.RandNumGen.main()] INFO  org.webgme.guest.randnumgen.RandNumGen - waiting to receive SimTime...
23:47:56.009 [org.webgme.guest.randnumgen.RandNumGen.main()] INFO  org.webgme.guest.randnumgen.RandNumGen - waiting to receive SimTime...
