[INFO] Scanning for projects...
[INFO]                                                                         
[INFO] ------------------------------------------------------------------------
[INFO] Building SimpleOptimizerV2_exec 0.1.0-SNAPSHOT
[INFO] ------------------------------------------------------------------------
[INFO] 
[INFO] --- exec-maven-plugin:1.5.0:java (default-cli) @ SimpleOptimizerV2_exec ---

-------------------------------------------------------------------
GMS: address=vagrant-40328, cluster=SimpleOptimizerV21, physical address=172.16.119.10:53727
-------------------------------------------------------------------
13:00:27.180 [org.webgme.guest.randnumgen.RandNumGen.main()] INFO  org.webgme.guest.randnumgen.RandNumGen - waiting on readyToPopulate...
13:00:37.163 [org.webgme.guest.randnumgen.RandNumGen.main()] INFO  org.webgme.guest.randnumgen.RandNumGen - ...synchronized on readyToPopulate
13:00:37.164 [org.webgme.guest.randnumgen.RandNumGen.main()] INFO  org.webgme.guest.randnumgen.RandNumGen - waiting on readyToRun...
13:00:37.415 [org.webgme.guest.randnumgen.RandNumGen.main()] INFO  org.webgme.guest.randnumgen.RandNumGen - ...synchronized on readyToRun
13:00:37.418 [org.webgme.guest.randnumgen.RandNumGen.main()] INFO  org.webgme.guest.randnumgen.RandNumGen - started logical time progression
13:00:37.421 [org.webgme.guest.randnumgen.RandNumGen.main()] INFO  org.webgme.guest.randnumgen.RandNumGen - Sent receiveNum interaction with 4,9
13:00:37.423 [org.webgme.guest.randnumgen.RandNumGen.main()] INFO  org.webgme.guest.randnumgen.RandNumGen - waiting to receive SimTime...
13:00:38.425 [org.webgme.guest.randnumgen.RandNumGen.main()] INFO  org.webgme.guest.randnumgen.RandNumGen - waiting to receive SimTime...
holder received as: 13
vars[0]=13
0.0
13:00:38.441 [org.webgme.guest.randnumgen.RandNumGen.main()] INFO  org.webgme.guest.randnumgen.RandNumGen - Sent receiveNum interaction with 3,3
13:00:38.443 [org.webgme.guest.randnumgen.RandNumGen.main()] INFO  org.webgme.guest.randnumgen.RandNumGen - waiting to receive SimTime...
13:00:39.444 [org.webgme.guest.randnumgen.RandNumGen.main()] INFO  org.webgme.guest.randnumgen.RandNumGen - waiting to receive SimTime...
holder received as: 6
vars[0]=6
1.0
13:00:39.456 [org.webgme.guest.randnumgen.RandNumGen.main()] INFO  org.webgme.guest.randnumgen.RandNumGen - Sent receiveNum interaction with 6,7
13:00:39.457 [org.webgme.guest.randnumgen.RandNumGen.main()] INFO  org.webgme.guest.randnumgen.RandNumGen - waiting to receive SimTime...
13:00:40.458 [org.webgme.guest.randnumgen.RandNumGen.main()] INFO  org.webgme.guest.randnumgen.RandNumGen - waiting to receive SimTime...
holder received as: 13
vars[0]=13
2.0
13:00:40.473 [org.webgme.guest.randnumgen.RandNumGen.main()] INFO  org.webgme.guest.randnumgen.RandNumGen - Sent receiveNum interaction with 5,0
13:00:40.476 [org.webgme.guest.randnumgen.RandNumGen.main()] INFO  org.webgme.guest.randnumgen.RandNumGen - waiting to receive SimTime...
13:00:41.478 [org.webgme.guest.randnumgen.RandNumGen.main()] INFO  org.webgme.guest.randnumgen.RandNumGen - waiting to receive SimTime...
holder received as: 5
vars[0]=5
3.0
13:00:41.493 [org.webgme.guest.randnumgen.RandNumGen.main()] INFO  org.webgme.guest.randnumgen.RandNumGen - Sent receiveNum interaction with 0,9
13:00:41.494 [org.webgme.guest.randnumgen.RandNumGen.main()] INFO  org.webgme.guest.randnumgen.RandNumGen - waiting to receive SimTime...
13:00:42.495 [org.webgme.guest.randnumgen.RandNumGen.main()] INFO  org.webgme.guest.randnumgen.RandNumGen - waiting to receive SimTime...
holder received as: 9
vars[0]=9
4.0
13:00:42.511 [org.webgme.guest.randnumgen.RandNumGen.main()] INFO  org.webgme.guest.randnumgen.RandNumGen - Sent receiveNum interaction with 0,8
13:00:42.514 [org.webgme.guest.randnumgen.RandNumGen.main()] INFO  org.webgme.guest.randnumgen.RandNumGen - waiting to receive SimTime...
13:00:43.515 [org.webgme.guest.randnumgen.RandNumGen.main()] INFO  org.webgme.guest.randnumgen.RandNumGen - waiting to receive SimTime...
holder received as: 8
vars[0]=8
5.0
13:00:43.529 [org.webgme.guest.randnumgen.RandNumGen.main()] INFO  org.webgme.guest.randnumgen.RandNumGen - Sent receiveNum interaction with 6,9
13:00:43.531 [org.webgme.guest.randnumgen.RandNumGen.main()] INFO  org.webgme.guest.randnumgen.RandNumGen - waiting to receive SimTime...
13:00:44.532 [org.webgme.guest.randnumgen.RandNumGen.main()] INFO  org.webgme.guest.randnumgen.RandNumGen - waiting to receive SimTime...
holder received as: 15
vars[0]=15
6.0
13:00:44.546 [org.webgme.guest.randnumgen.RandNumGen.main()] INFO  org.webgme.guest.randnumgen.RandNumGen - Sent receiveNum interaction with 1,0
13:00:44.548 [org.webgme.guest.randnumgen.RandNumGen.main()] INFO  org.webgme.guest.randnumgen.RandNumGen - waiting to receive SimTime...
13:00:45.549 [org.webgme.guest.randnumgen.RandNumGen.main()] INFO  org.webgme.guest.randnumgen.RandNumGen - waiting to receive SimTime...
holder received as: 1
vars[0]=1
7.0
13:00:45.563 [org.webgme.guest.randnumgen.RandNumGen.main()] INFO  org.webgme.guest.randnumgen.RandNumGen - Sent receiveNum interaction with 9,3
13:00:45.565 [org.webgme.guest.randnumgen.RandNumGen.main()] INFO  org.webgme.guest.randnumgen.RandNumGen - waiting to receive SimTime...
13:00:46.566 [org.webgme.guest.randnumgen.RandNumGen.main()] INFO  org.webgme.guest.randnumgen.RandNumGen - waiting to receive SimTime...
holder received as: 12
vars[0]=12
8.0
13:00:46.590 [org.webgme.guest.randnumgen.RandNumGen.main()] INFO  org.webgme.guest.randnumgen.RandNumGen - Sent receiveNum interaction with 6,0
13:00:46.591 [org.webgme.guest.randnumgen.RandNumGen.main()] INFO  org.webgme.guest.randnumgen.RandNumGen - waiting to receive SimTime...
13:00:47.591 [org.webgme.guest.randnumgen.RandNumGen.main()] INFO  org.webgme.guest.randnumgen.RandNumGen - waiting to receive SimTime...
holder received as: 6
vars[0]=6
9.0
13:00:47.613 [org.webgme.guest.randnumgen.RandNumGen.main()] INFO  org.webgme.guest.randnumgen.RandNumGen - Sent receiveNum interaction with 4,4
13:00:47.616 [org.webgme.guest.randnumgen.RandNumGen.main()] INFO  org.webgme.guest.randnumgen.RandNumGen - waiting to receive SimTime...
13:00:48.618 [org.webgme.guest.randnumgen.RandNumGen.main()] INFO  org.webgme.guest.randnumgen.RandNumGen - waiting to receive SimTime...
holder received as: 8
vars[0]=8
10.0
13:00:48.636 [org.webgme.guest.randnumgen.RandNumGen.main()] INFO  org.webgme.guest.randnumgen.RandNumGen - Sent receiveNum interaction with 4,5
13:00:48.640 [org.webgme.guest.randnumgen.RandNumGen.main()] INFO  org.webgme.guest.randnumgen.RandNumGen - waiting to receive SimTime...
13:00:49.643 [org.webgme.guest.randnumgen.RandNumGen.main()] INFO  org.webgme.guest.randnumgen.RandNumGen - waiting to receive SimTime...
holder received as: 9
vars[0]=9
11.0
13:00:49.667 [org.webgme.guest.randnumgen.RandNumGen.main()] INFO  org.webgme.guest.randnumgen.RandNumGen - Sent receiveNum interaction with 2,1
13:00:49.671 [org.webgme.guest.randnumgen.RandNumGen.main()] INFO  org.webgme.guest.randnumgen.RandNumGen - waiting to receive SimTime...
13:00:50.674 [org.webgme.guest.randnumgen.RandNumGen.main()] INFO  org.webgme.guest.randnumgen.RandNumGen - waiting to receive SimTime...
holder received as: 3
vars[0]=3
12.0
13:00:50.698 [org.webgme.guest.randnumgen.RandNumGen.main()] INFO  org.webgme.guest.randnumgen.RandNumGen - Sent receiveNum interaction with 0,1
13:00:50.702 [org.webgme.guest.randnumgen.RandNumGen.main()] INFO  org.webgme.guest.randnumgen.RandNumGen - waiting to receive SimTime...
13:00:51.704 [org.webgme.guest.randnumgen.RandNumGen.main()] INFO  org.webgme.guest.randnumgen.RandNumGen - waiting to receive SimTime...
holder received as: 1
vars[0]=1
13.0
13:00:51.723 [org.webgme.guest.randnumgen.RandNumGen.main()] INFO  org.webgme.guest.randnumgen.RandNumGen - Sent receiveNum interaction with 3,7
13:00:51.724 [org.webgme.guest.randnumgen.RandNumGen.main()] INFO  org.webgme.guest.randnumgen.RandNumGen - waiting to receive SimTime...
13:00:52.728 [org.webgme.guest.randnumgen.RandNumGen.main()] INFO  org.webgme.guest.randnumgen.RandNumGen - waiting to receive SimTime...
holder received as: 10
vars[0]=10
14.0
13:00:52.741 [org.webgme.guest.randnumgen.RandNumGen.main()] INFO  org.webgme.guest.randnumgen.RandNumGen - Sent receiveNum interaction with 5,7
13:00:52.742 [org.webgme.guest.randnumgen.RandNumGen.main()] INFO  org.webgme.guest.randnumgen.RandNumGen - waiting to receive SimTime...
13:00:53.743 [org.webgme.guest.randnumgen.RandNumGen.main()] INFO  org.webgme.guest.randnumgen.RandNumGen - waiting to receive SimTime...
holder received as: 12
vars[0]=12
15.0
