[INFO] Scanning for projects...
[INFO]                                                                         
[INFO] ------------------------------------------------------------------------
[INFO] Building SimpleOptimizerV2_exec 0.1.0-SNAPSHOT
[INFO] ------------------------------------------------------------------------
Downloading: http://cpswtng_archiva:8080/repository/internal/org/webgme/guest/simplecontroller/SimpleController/0.1.0-SNAPSHOT/maven-metadata.xml
Downloading: http://cpswtng_archiva:8080/repository/snapshots/org/webgme/guest/simplecontroller/SimpleController/0.1.0-SNAPSHOT/maven-metadata.xml
[WARNING] Could not transfer metadata org.webgme.guest.simplecontroller:SimpleController:0.1.0-SNAPSHOT/maven-metadata.xml from/to archiva.internal (http://cpswtng_archiva:8080/repository/internal/): Connect to cpswtng_archiva:8080 [cpswtng_archiva/127.0.0.1] failed: Connection refused (Connection refused)
[WARNING] Could not transfer metadata org.webgme.guest.simplecontroller:SimpleController:0.1.0-SNAPSHOT/maven-metadata.xml from/to archiva.snapshots (http://cpswtng_archiva:8080/repository/snapshots/): Connect to cpswtng_archiva:8080 [cpswtng_archiva/127.0.0.1] failed: Connection refused (Connection refused)
[WARNING] Failure to transfer org.webgme.guest.simplecontroller:SimpleController:0.1.0-SNAPSHOT/maven-metadata.xml from http://cpswtng_archiva:8080/repository/internal/ was cached in the local repository, resolution will not be reattempted until the update interval of archiva.internal has elapsed or updates are forced. Original error: Could not transfer metadata org.webgme.guest.simplecontroller:SimpleController:0.1.0-SNAPSHOT/maven-metadata.xml from/to archiva.internal (http://cpswtng_archiva:8080/repository/internal/): Connect to cpswtng_archiva:8080 [cpswtng_archiva/127.0.0.1] failed: Connection refused (Connection refused)
[WARNING] Failure to transfer org.webgme.guest.simplecontroller:SimpleController:0.1.0-SNAPSHOT/maven-metadata.xml from http://cpswtng_archiva:8080/repository/snapshots/ was cached in the local repository, resolution will not be reattempted until the update interval of archiva.snapshots has elapsed or updates are forced. Original error: Could not transfer metadata org.webgme.guest.simplecontroller:SimpleController:0.1.0-SNAPSHOT/maven-metadata.xml from/to archiva.snapshots (http://cpswtng_archiva:8080/repository/snapshots/): Connect to cpswtng_archiva:8080 [cpswtng_archiva/127.0.0.1] failed: Connection refused (Connection refused)
[INFO] 
[INFO] --- exec-maven-plugin:1.5.0:java (default-cli) @ SimpleOptimizerV2_exec ---

-------------------------------------------------------------------
GMS: address=vagrant-34924, cluster=SimpleOptimizerV21, physical address=172.16.119.10:37658
-------------------------------------------------------------------
12:50:45.299 [org.webgme.guest.simplecontroller.SimpleController.main()] ERROR org.webgme.guest.simplecontroller.rti.SendModel - could not initialize: Name Not Found
hla.rti.NameNotFound: InteractionRoot.C2WInteractionRoot.SendModel
	at org.portico.impl.hla13.Rti13Ambassador.getInteractionClassHandle(Rti13Ambassador.java:5371) ~[RandNumGen-0.1.0-SNAPSHOT.jar:?]
	at org.webgme.guest.simplecontroller.rti.SendModel.init(SendModel.java:139) [SimpleController-0.1.0-SNAPSHOT.jar:?]
	at org.webgme.guest.simplecontroller.rti.SendModel.publish(SendModel.java:204) [SimpleController-0.1.0-SNAPSHOT.jar:?]
	at org.webgme.guest.simplecontroller.SimpleControllerBase.<init>(SimpleControllerBase.java:34) [SimpleController-0.1.0-SNAPSHOT.jar:?]
	at org.webgme.guest.simplecontroller.SimpleController.<init>(SimpleController.java:25) [SimpleController-0.1.0-SNAPSHOT.jar:?]
	at org.webgme.guest.simplecontroller.SimpleController.main(SimpleController.java:190) [SimpleController-0.1.0-SNAPSHOT.jar:?]
	at sun.reflect.NativeMethodAccessorImpl.invoke0(Native Method) ~[?:1.8.0_181]
	at sun.reflect.NativeMethodAccessorImpl.invoke(NativeMethodAccessorImpl.java:62) ~[?:1.8.0_181]
	at sun.reflect.DelegatingMethodAccessorImpl.invoke(DelegatingMethodAccessorImpl.java:43) ~[?:1.8.0_181]
	at java.lang.reflect.Method.invoke(Method.java:498) ~[?:1.8.0_181]
	at org.codehaus.mojo.exec.ExecJavaMojo$1.run(ExecJavaMojo.java:294) [exec-maven-plugin-1.5.0.jar:?]
	at java.lang.Thread.run(Thread.java:748) [?:1.8.0_181]
ERROR [org.webgme.guest.simplecontroller.SimpleController.main()] portico.lrc: PUBLISH-INTERACTION: class not defined: 0
org.portico.lrc.compat.JInteractionClassNotDefined: PUBLISH-INTERACTION: class not defined: 0
	at org.portico.lrc.services.object.data.InterestManager.register(InterestManager.java:484)
	at org.portico.lrc.services.object.data.InterestManager.register(InterestManager.java:443)
	at org.portico.lrc.services.object.data.InterestManager.publishInteractionClass(InterestManager.java:945)
	at org.portico.lrc.services.pubsub.handlers.outgoing.PublishInteractionClassHandler.process(PublishInteractionClassHandler.java:64)
	at org.portico.utils.messaging.MessageSink.process(MessageSink.java:187)
	at org.portico.impl.hla13.Impl13Helper.processMessage(Impl13Helper.java:123)
	at org.portico.impl.hla13.Rti13Ambassador.processMessage(Rti13Ambassador.java:5822)
	at org.portico.impl.hla13.Rti13Ambassador.publishInteractionClass(Rti13Ambassador.java:1240)
	at org.webgme.guest.simplecontroller.rti.SendModel.publish(SendModel.java:210)
	at org.webgme.guest.simplecontroller.SimpleControllerBase.<init>(SimpleControllerBase.java:34)
	at org.webgme.guest.simplecontroller.SimpleController.<init>(SimpleController.java:25)
	at org.webgme.guest.simplecontroller.SimpleController.main(SimpleController.java:190)
	at sun.reflect.NativeMethodAccessorImpl.invoke0(Native Method)
	at sun.reflect.NativeMethodAccessorImpl.invoke(NativeMethodAccessorImpl.java:62)
	at sun.reflect.DelegatingMethodAccessorImpl.invoke(DelegatingMethodAccessorImpl.java:43)
	at java.lang.reflect.Method.invoke(Method.java:498)
	at org.codehaus.mojo.exec.ExecJavaMojo$1.run(ExecJavaMojo.java:294)
	at java.lang.Thread.run(Thread.java:748)
12:50:45.348 [org.webgme.guest.simplecontroller.SimpleController.main()] ERROR org.webgme.guest.simplecontroller.rti.SendModel - could not publish: Interaction Class Not Defined
hla.rti.InteractionClassNotDefined: org.portico.lrc.compat.JInteractionClassNotDefined: PUBLISH-INTERACTION: class not defined: 0
	at org.portico.impl.hla13.Rti13Ambassador.publishInteractionClass(Rti13Ambassador.java:1262) ~[RandNumGen-0.1.0-SNAPSHOT.jar:?]
	at org.webgme.guest.simplecontroller.rti.SendModel.publish(SendModel.java:210) [SimpleController-0.1.0-SNAPSHOT.jar:?]
	at org.webgme.guest.simplecontroller.SimpleControllerBase.<init>(SimpleControllerBase.java:34) [SimpleController-0.1.0-SNAPSHOT.jar:?]
	at org.webgme.guest.simplecontroller.SimpleController.<init>(SimpleController.java:25) [SimpleController-0.1.0-SNAPSHOT.jar:?]
	at org.webgme.guest.simplecontroller.SimpleController.main(SimpleController.java:190) [SimpleController-0.1.0-SNAPSHOT.jar:?]
	at sun.reflect.NativeMethodAccessorImpl.invoke0(Native Method) ~[?:1.8.0_181]
	at sun.reflect.NativeMethodAccessorImpl.invoke(NativeMethodAccessorImpl.java:62) ~[?:1.8.0_181]
	at sun.reflect.DelegatingMethodAccessorImpl.invoke(DelegatingMethodAccessorImpl.java:43) ~[?:1.8.0_181]
	at java.lang.reflect.Method.invoke(Method.java:498) ~[?:1.8.0_181]
	at org.codehaus.mojo.exec.ExecJavaMojo$1.run(ExecJavaMojo.java:294) [exec-maven-plugin-1.5.0.jar:?]
	at java.lang.Thread.run(Thread.java:748) [?:1.8.0_181]
Caused by: org.portico.lrc.compat.JInteractionClassNotDefined: PUBLISH-INTERACTION: class not defined: 0
	at org.portico.lrc.services.object.data.InterestManager.register(InterestManager.java:484) ~[RandNumGen-0.1.0-SNAPSHOT.jar:?]
	at org.portico.lrc.services.object.data.InterestManager.register(InterestManager.java:443) ~[RandNumGen-0.1.0-SNAPSHOT.jar:?]
	at org.portico.lrc.services.object.data.InterestManager.publishInteractionClass(InterestManager.java:945) ~[RandNumGen-0.1.0-SNAPSHOT.jar:?]
	at org.portico.lrc.services.pubsub.handlers.outgoing.PublishInteractionClassHandler.process(PublishInteractionClassHandler.java:64) ~[RandNumGen-0.1.0-SNAPSHOT.jar:?]
	at org.portico.utils.messaging.MessageSink.process(MessageSink.java:187) ~[RandNumGen-0.1.0-SNAPSHOT.jar:?]
	at org.portico.impl.hla13.Impl13Helper.processMessage(Impl13Helper.java:123) ~[RandNumGen-0.1.0-SNAPSHOT.jar:?]
	at org.portico.impl.hla13.Rti13Ambassador.processMessage(Rti13Ambassador.java:5822) ~[RandNumGen-0.1.0-SNAPSHOT.jar:?]
	at org.portico.impl.hla13.Rti13Ambassador.publishInteractionClass(Rti13Ambassador.java:1240) ~[RandNumGen-0.1.0-SNAPSHOT.jar:?]
	... 10 more
12:50:45.361 [org.webgme.guest.simplecontroller.SimpleController.main()] ERROR org.webgme.guest.simplecontroller.rti.ReceiveModel - could not initialize: Name Not Found
hla.rti.NameNotFound: InteractionRoot.C2WInteractionRoot.ReceiveModel
	at org.portico.impl.hla13.Rti13Ambassador.getInteractionClassHandle(Rti13Ambassador.java:5371) ~[RandNumGen-0.1.0-SNAPSHOT.jar:?]
	at org.webgme.guest.simplecontroller.rti.ReceiveModel.init(ReceiveModel.java:139) [SimpleController-0.1.0-SNAPSHOT.jar:?]
	at org.webgme.guest.simplecontroller.rti.ReceiveModel.subscribe(ReceiveModel.java:275) [SimpleController-0.1.0-SNAPSHOT.jar:?]
	at org.webgme.guest.simplecontroller.SimpleControllerBase.<init>(SimpleControllerBase.java:35) [SimpleController-0.1.0-SNAPSHOT.jar:?]
	at org.webgme.guest.simplecontroller.SimpleController.<init>(SimpleController.java:25) [SimpleController-0.1.0-SNAPSHOT.jar:?]
	at org.webgme.guest.simplecontroller.SimpleController.main(SimpleController.java:190) [SimpleController-0.1.0-SNAPSHOT.jar:?]
	at sun.reflect.NativeMethodAccessorImpl.invoke0(Native Method) ~[?:1.8.0_181]
	at sun.reflect.NativeMethodAccessorImpl.invoke(NativeMethodAccessorImpl.java:62) ~[?:1.8.0_181]
	at sun.reflect.DelegatingMethodAccessorImpl.invoke(DelegatingMethodAccessorImpl.java:43) ~[?:1.8.0_181]
	at java.lang.reflect.Method.invoke(Method.java:498) ~[?:1.8.0_181]
	at org.codehaus.mojo.exec.ExecJavaMojo$1.run(ExecJavaMojo.java:294) [exec-maven-plugin-1.5.0.jar:?]
	at java.lang.Thread.run(Thread.java:748) [?:1.8.0_181]
ERROR [org.webgme.guest.simplecontroller.SimpleController.main()] portico.lrc: SUBSCRIBE-INTERACTION-DDM: class not defined: 0
org.portico.lrc.compat.JInteractionClassNotDefined: SUBSCRIBE-INTERACTION-DDM: class not defined: 0
	at org.portico.lrc.services.object.data.InterestManager.register(InterestManager.java:484)
	at org.portico.lrc.services.object.data.InterestManager.subscribeInteractionClass(InterestManager.java:1007)
	at org.portico.lrc.services.pubsub.handlers.outgoing.SubscribeInteractionClassHandler.process(SubscribeInteractionClassHandler.java:70)
	at org.portico.utils.messaging.MessageSink.process(MessageSink.java:187)
	at org.portico.impl.hla13.Impl13Helper.processMessage(Impl13Helper.java:123)
	at org.portico.impl.hla13.Rti13Ambassador.processMessage(Rti13Ambassador.java:5822)
	at org.portico.impl.hla13.Rti13Ambassador.subscribeInteractionClass(Rti13Ambassador.java:1564)
	at org.webgme.guest.simplecontroller.rti.ReceiveModel.subscribe(ReceiveModel.java:281)
	at org.webgme.guest.simplecontroller.SimpleControllerBase.<init>(SimpleControllerBase.java:35)
	at org.webgme.guest.simplecontroller.SimpleController.<init>(SimpleController.java:25)
	at org.webgme.guest.simplecontroller.SimpleController.main(SimpleController.java:190)
	at sun.reflect.NativeMethodAccessorImpl.invoke0(Native Method)
	at sun.reflect.NativeMethodAccessorImpl.invoke(NativeMethodAccessorImpl.java:62)
	at sun.reflect.DelegatingMethodAccessorImpl.invoke(DelegatingMethodAccessorImpl.java:43)
	at java.lang.reflect.Method.invoke(Method.java:498)
	at org.codehaus.mojo.exec.ExecJavaMojo$1.run(ExecJavaMojo.java:294)
	at java.lang.Thread.run(Thread.java:748)
12:50:45.368 [org.webgme.guest.simplecontroller.SimpleController.main()] ERROR org.webgme.guest.simplecontroller.rti.ReceiveModel - could not subscribe: Interaction Class Not Defined
hla.rti.InteractionClassNotDefined: org.portico.lrc.compat.JInteractionClassNotDefined: SUBSCRIBE-INTERACTION-DDM: class not defined: 0
	at org.portico.impl.hla13.Rti13Ambassador.subscribeInteractionClass(Rti13Ambassador.java:1586) ~[RandNumGen-0.1.0-SNAPSHOT.jar:?]
	at org.webgme.guest.simplecontroller.rti.ReceiveModel.subscribe(ReceiveModel.java:281) [SimpleController-0.1.0-SNAPSHOT.jar:?]
	at org.webgme.guest.simplecontroller.SimpleControllerBase.<init>(SimpleControllerBase.java:35) [SimpleController-0.1.0-SNAPSHOT.jar:?]
	at org.webgme.guest.simplecontroller.SimpleController.<init>(SimpleController.java:25) [SimpleController-0.1.0-SNAPSHOT.jar:?]
	at org.webgme.guest.simplecontroller.SimpleController.main(SimpleController.java:190) [SimpleController-0.1.0-SNAPSHOT.jar:?]
	at sun.reflect.NativeMethodAccessorImpl.invoke0(Native Method) ~[?:1.8.0_181]
	at sun.reflect.NativeMethodAccessorImpl.invoke(NativeMethodAccessorImpl.java:62) ~[?:1.8.0_181]
	at sun.reflect.DelegatingMethodAccessorImpl.invoke(DelegatingMethodAccessorImpl.java:43) ~[?:1.8.0_181]
	at java.lang.reflect.Method.invoke(Method.java:498) ~[?:1.8.0_181]
	at org.codehaus.mojo.exec.ExecJavaMojo$1.run(ExecJavaMojo.java:294) [exec-maven-plugin-1.5.0.jar:?]
	at java.lang.Thread.run(Thread.java:748) [?:1.8.0_181]
Caused by: org.portico.lrc.compat.JInteractionClassNotDefined: SUBSCRIBE-INTERACTION-DDM: class not defined: 0
	at org.portico.lrc.services.object.data.InterestManager.register(InterestManager.java:484) ~[RandNumGen-0.1.0-SNAPSHOT.jar:?]
	at org.portico.lrc.services.object.data.InterestManager.subscribeInteractionClass(InterestManager.java:1007) ~[RandNumGen-0.1.0-SNAPSHOT.jar:?]
	at org.portico.lrc.services.pubsub.handlers.outgoing.SubscribeInteractionClassHandler.process(SubscribeInteractionClassHandler.java:70) ~[RandNumGen-0.1.0-SNAPSHOT.jar:?]
	at org.portico.utils.messaging.MessageSink.process(MessageSink.java:187) ~[RandNumGen-0.1.0-SNAPSHOT.jar:?]
	at org.portico.impl.hla13.Impl13Helper.processMessage(Impl13Helper.java:123) ~[RandNumGen-0.1.0-SNAPSHOT.jar:?]
	at org.portico.impl.hla13.Rti13Ambassador.processMessage(Rti13Ambassador.java:5822) ~[RandNumGen-0.1.0-SNAPSHOT.jar:?]
	at org.portico.impl.hla13.Rti13Ambassador.subscribeInteractionClass(Rti13Ambassador.java:1564) ~[RandNumGen-0.1.0-SNAPSHOT.jar:?]
	... 10 more
12:50:45.372 [org.webgme.guest.simplecontroller.SimpleController.main()] INFO  org.webgme.guest.simplecontroller.SimpleController - waiting on readyToPopulate...
12:50:45.630 [org.webgme.guest.simplecontroller.SimpleController.main()] INFO  org.webgme.guest.simplecontroller.SimpleController - ...synchronized on readyToPopulate
12:50:45.635 [org.webgme.guest.simplecontroller.SimpleController.main()] INFO  org.webgme.guest.simplecontroller.SimpleController - waiting on readyToRun...
12:50:45.893 [org.webgme.guest.simplecontroller.SimpleController.main()] INFO  org.webgme.guest.simplecontroller.SimpleController - ...synchronized on readyToRun
12:50:45.896 [org.webgme.guest.simplecontroller.SimpleController.main()] INFO  org.webgme.guest.simplecontroller.SimpleController - started logical time progression
12:50:45.901 [org.webgme.guest.simplecontroller.SimpleController.main()] INFO  org.webgme.guest.simplecontroller.SimpleController - waiting to receive SimTime...
12:50:46.909 [org.webgme.guest.simplecontroller.SimpleController.main()] INFO  org.webgme.guest.simplecontroller.SimpleController - waiting to receive SimTime...
12:50:47.916 [org.webgme.guest.simplecontroller.SimpleController.main()] INFO  org.webgme.guest.simplecontroller.SimpleController - waiting to receive SimTime...
12:50:48.922 [org.webgme.guest.simplecontroller.SimpleController.main()] INFO  org.webgme.guest.simplecontroller.SimpleController - waiting to receive SimTime...
12:50:49.931 [org.webgme.guest.simplecontroller.SimpleController.main()] INFO  org.webgme.guest.simplecontroller.SimpleController - waiting to receive SimTime...
12:50:50.940 [org.webgme.guest.simplecontroller.SimpleController.main()] INFO  org.webgme.guest.simplecontroller.SimpleController - waiting to receive SimTime...
12:50:51.946 [org.webgme.guest.simplecontroller.SimpleController.main()] INFO  org.webgme.guest.simplecontroller.SimpleController - waiting to receive SimTime...
12:50:52.952 [org.webgme.guest.simplecontroller.SimpleController.main()] INFO  org.webgme.guest.simplecontroller.SimpleController - waiting to receive SimTime...
12:50:53.958 [org.webgme.guest.simplecontroller.SimpleController.main()] INFO  org.webgme.guest.simplecontroller.SimpleController - waiting to receive SimTime...
12:50:54.964 [org.webgme.guest.simplecontroller.SimpleController.main()] INFO  org.webgme.guest.simplecontroller.SimpleController - waiting to receive SimTime...
12:50:55.970 [org.webgme.guest.simplecontroller.SimpleController.main()] INFO  org.webgme.guest.simplecontroller.SimpleController - waiting to receive SimTime...
12:50:56.977 [org.webgme.guest.simplecontroller.SimpleController.main()] INFO  org.webgme.guest.simplecontroller.SimpleController - waiting to receive SimTime...
12:50:57.983 [org.webgme.guest.simplecontroller.SimpleController.main()] INFO  org.webgme.guest.simplecontroller.SimpleController - waiting to receive SimTime...
12:50:58.993 [org.webgme.guest.simplecontroller.SimpleController.main()] INFO  org.webgme.guest.simplecontroller.SimpleController - waiting to receive SimTime...
12:50:59.999 [org.webgme.guest.simplecontroller.SimpleController.main()] INFO  org.webgme.guest.simplecontroller.SimpleController - waiting to receive SimTime...
12:51:01.009 [org.webgme.guest.simplecontroller.SimpleController.main()] INFO  org.webgme.guest.simplecontroller.SimpleController - waiting to receive SimTime...
12:51:02.016 [org.webgme.guest.simplecontroller.SimpleController.main()] INFO  org.webgme.guest.simplecontroller.SimpleController - waiting to receive SimTime...
12:51:03.023 [org.webgme.guest.simplecontroller.SimpleController.main()] INFO  org.webgme.guest.simplecontroller.SimpleController - waiting to receive SimTime...
12:51:04.029 [org.webgme.guest.simplecontroller.SimpleController.main()] INFO  org.webgme.guest.simplecontroller.SimpleController - waiting to receive SimTime...
12:51:05.036 [org.webgme.guest.simplecontroller.SimpleController.main()] INFO  org.webgme.guest.simplecontroller.SimpleController - waiting to receive SimTime...
12:51:06.046 [org.webgme.guest.simplecontroller.SimpleController.main()] INFO  org.webgme.guest.simplecontroller.SimpleController - waiting to receive SimTime...
12:51:07.051 [org.webgme.guest.simplecontroller.SimpleController.main()] INFO  org.webgme.guest.simplecontroller.SimpleController - waiting to receive SimTime...
12:51:08.059 [org.webgme.guest.simplecontroller.SimpleController.main()] INFO  org.webgme.guest.simplecontroller.SimpleController - waiting to receive SimTime...
12:51:09.069 [org.webgme.guest.simplecontroller.SimpleController.main()] INFO  org.webgme.guest.simplecontroller.SimpleController - waiting to receive SimTime...
12:51:10.074 [org.webgme.guest.simplecontroller.SimpleController.main()] INFO  org.webgme.guest.simplecontroller.SimpleController - waiting to receive SimTime...
12:51:11.082 [org.webgme.guest.simplecontroller.SimpleController.main()] INFO  org.webgme.guest.simplecontroller.SimpleController - waiting to receive SimTime...
12:51:12.090 [org.webgme.guest.simplecontroller.SimpleController.main()] INFO  org.webgme.guest.simplecontroller.SimpleController - waiting to receive SimTime...
12:51:13.098 [org.webgme.guest.simplecontroller.SimpleController.main()] INFO  org.webgme.guest.simplecontroller.SimpleController - waiting to receive SimTime...
12:51:14.108 [org.webgme.guest.simplecontroller.SimpleController.main()] INFO  org.webgme.guest.simplecontroller.SimpleController - waiting to receive SimTime...
12:51:15.119 [org.webgme.guest.simplecontroller.SimpleController.main()] INFO  org.webgme.guest.simplecontroller.SimpleController - waiting to receive SimTime...
12:51:16.127 [org.webgme.guest.simplecontroller.SimpleController.main()] INFO  org.webgme.guest.simplecontroller.SimpleController - waiting to receive SimTime...
